c:\users\preda\desktop\dev08_handout\motor2d\debug\vc142.pdb
c:\users\preda\desktop\dev08_handout\motor2d\debug\vc142.idb
c:\users\preda\desktop\dev08_handout\motor2d\debug\pugixml.obj
c:\users\preda\desktop\dev08_handout\motor2d\debug\powerup_manager.obj
c:\users\preda\desktop\dev08_handout\motor2d\debug\player.obj
c:\users\preda\desktop\dev08_handout\motor2d\debug\j1window.obj
c:\users\preda\desktop\dev08_handout\motor2d\debug\j1textures.obj
c:\users\preda\desktop\dev08_handout\motor2d\debug\j1render.obj
c:\users\preda\desktop\dev08_handout\motor2d\debug\p2log.obj
c:\users\preda\desktop\dev08_handout\motor2d\debug\j1scene.obj
c:\users\preda\desktop\dev08_handout\motor2d\debug\j1map.obj
c:\users\preda\desktop\dev08_handout\motor2d\debug\j1input.obj
c:\users\preda\desktop\dev08_handout\motor2d\debug\j1audio.obj
c:\users\preda\desktop\dev08_handout\motor2d\debug\j1app.obj
c:\users\preda\desktop\dev08_handout\motor2d\debug\j1main.obj
c:\users\preda\onedrive\documentos\github\power-up-manager\motor2d\debug\vc142.pdb
c:\users\preda\onedrive\documentos\github\power-up-manager\motor2d\debug\vc142.idb
c:\users\preda\onedrive\documentos\github\power-up-manager\motor2d\debug\pugixml.obj
c:\users\preda\onedrive\documentos\github\power-up-manager\motor2d\debug\powerup_manager.obj
c:\users\preda\onedrive\documentos\github\power-up-manager\motor2d\debug\j1window.obj
c:\users\preda\onedrive\documentos\github\power-up-manager\motor2d\debug\j1textures.obj
c:\users\preda\onedrive\documentos\github\power-up-manager\motor2d\debug\j1render.obj
c:\users\preda\onedrive\documentos\github\power-up-manager\motor2d\debug\p2log.obj
c:\users\preda\onedrive\documentos\github\power-up-manager\motor2d\debug\j1scene.obj
c:\users\preda\onedrive\documentos\github\power-up-manager\motor2d\debug\j1map.obj
c:\users\preda\onedrive\documentos\github\power-up-manager\motor2d\debug\j1input.obj
c:\users\preda\onedrive\documentos\github\power-up-manager\motor2d\debug\j1audio.obj
c:\users\preda\onedrive\documentos\github\power-up-manager\motor2d\debug\j1main.obj
c:\users\preda\onedrive\documentos\github\power-up-manager\motor2d\debug\collider.obj
c:\users\preda\onedrive\documentos\github\power-up-manager\motor2d\debug\j1app.obj
c:\users\preda\onedrive\documentos\github\power-up-manager\motor2d\debug\player.obj
c:\users\preda\desktop\dev08_handout\debug\powerup_manager.ilk
c:\users\preda\desktop\dev08_handout\debug\powerup_manager.exe
c:\users\preda\desktop\dev08_handout\debug\powerup_manager.pdb
c:\users\preda\onedrive\documentos\github\power-up-manager\motor2d\debug\powerup_manager.tlog\cl.command.1.tlog
c:\users\preda\onedrive\documentos\github\power-up-manager\motor2d\debug\powerup_manager.tlog\cl.read.1.tlog
c:\users\preda\onedrive\documentos\github\power-up-manager\motor2d\debug\powerup_manager.tlog\cl.write.1.tlog
c:\users\preda\onedrive\documentos\github\power-up-manager\motor2d\debug\powerup_manager.tlog\link.command.1.tlog
c:\users\preda\onedrive\documentos\github\power-up-manager\motor2d\debug\powerup_manager.tlog\link.read.1.tlog
c:\users\preda\onedrive\documentos\github\power-up-manager\motor2d\debug\powerup_manager.tlog\link.write.1.tlog
